<?xml version="1.0" encoding="UTF-8"?>
<testsuite xmlns:xsi="http://www.w3.org/2001/XMLSchema-instance" xsi:noNamespaceSchemaLocation="https://maven.apache.org/surefire/maven-surefire-plugin/xsd/surefire-test-report-3.0.xsd" version="3.0" name="com.tax.TaxCalculatorTest" time="0.073" tests="4" errors="0" skipped="0" failures="0">
  <properties>
[...]
</properties>
  <testcase name="testIncomeBetween250000And500000" classname="com.tax.TaxCalculatorTest" time="0.036"/>
  <testcase name="testIncomeAbove1000000" classname="com.tax.TaxCalculatorTest" time="0.001"/>
  <testcase name="testIncomeBelow250000" classname="com.tax.TaxCalculatorTest" time="0.001"/>
  <testcase name="testIncomeBetween500000And1000000" classname="com.tax.TaxCalculatorTest" time="0.001"/>
</testsuite>